2025-06-21 11:37:50 - root - ERROR - Prompt 'Create a VS Code theme based on this description: red 2077

Generate a complete theme configuration with:
1. A creative display name and description
2. A comprehensive color scheme for all VS Code UI elements
3. Token colors for syntax highlighting

Return the response as a valid JSON object with this exact structure:
{
  "theme": {
    "name": "cyberpunk2",
    "display_name": "Creative Name Based on Prompt",
    "description": "Description based on the prompt",
    "version": "1.0.0",
    "author": {
      "name": "AI Generated",
      "email": "ai@example.com"
    },
    "colors": {
      "editor.background": "#hex",
      "editor.foreground": "#hex",
      "activityBar.background": "#hex",
      "activityBar.foreground": "#hex",
      "sideBar.background": "#hex",
      "sideBar.foreground": "#hex",
      "statusBar.background": "#hex",
      "statusBar.foreground": "#hex",
      "terminal.background": "#hex",
      "terminal.foreground": "#hex",
      "editorCursor.foreground": "#hex",
      "editor.lineHighlightBackground": "#hex",
      "editor.selectionBackground": "#hex",
      "button.background": "#hex",
      "button.foreground": "#hex",
      "input.background": "#hex",
      "input.foreground": "#hex",
      "input.border": "#hex",
      "list.activeSelectionBackground": "#hex",
      "list.activeSelectionForeground": "#hex",
      "list.hoverBackground": "#hex"
    },
    "token_colors": [
      {
        "name": "Comment",
        "scope": ["comment"],
        "settings": {
          "foreground": "#hex",
          "fontStyle": "italic"
        }
      },
      {
        "name": "String",
        "scope": ["string"],
        "settings": {
          "foreground": "#hex"
        }
      },
      {
        "name": "Keyword",
        "scope": ["keyword"],
        "settings": {
          "foreground": "#hex",
          "fontStyle": "bold"
        }
      },
      {
        "name": "Function",
        "scope": ["entity.name.function"],
        "settings": {
          "foreground": "#hex"
        }
      },
      {
        "name": "Variable",
        "scope": ["variable"],
        "settings": {
          "foreground": "#hex"
        }
      },
      {
        "name": "Number",
        "scope": ["constant.numeric"],
        "settings": {
          "foreground": "#hex"
        }
      },
      {
        "name": "Type",
        "scope": ["entity.name.type", "support.type"],
        "settings": {
          "foreground": "#hex"
        }
      },
      {
        "name": "Class",
        "scope": ["entity.name.class"],
        "settings": {
          "foreground": "#hex",
          "fontStyle": "bold"
        }
      }
    ]
  }
}

Make sure all colors are valid hex colors (#RRGGBB format).
Base the color choices on: red 2077
' not found in available prompts.
2025-06-21 11:37:50 - theme-builder.builder - ERROR - Failed to generate theme from prompt: expected string or bytes-like object, got 'NoneType'
2025-06-21 11:37:50 - theme-builder.builder - ERROR - AI Response: None
